<?xml version="1.0" encoding="UTF-8"?>
<testng-results ignored="0" total="1" passed="1" failed="0" skipped="0">
  <reporter-output>
  </reporter-output>
  <suite started-at="2023-02-21T01:09:56 IST" name="Default suite" finished-at="2023-02-21T01:10:12 IST" duration-ms="15514">
    <groups>
    </groups>
    <test started-at="2023-02-21T01:09:56 IST" name="Default test" finished-at="2023-02-21T01:10:12 IST" duration-ms="15514">
      <class name="MainTest">
        <test-method signature="mainExecution()[pri:0, instance:MainTest@30ee2816]" started-at="2023-02-21T01:09:56 IST" name="mainExecution" finished-at="2023-02-21T01:10:12 IST" duration-ms="15439" status="PASS">
          <reporter-output>
          </reporter-output>
        </test-method> <!-- mainExecution -->
      </class> <!-- MainTest -->
    </test> <!-- Default test -->
  </suite> <!-- Default suite -->
</testng-results>
